C:\0-Code_py_temp\pytorch_cuda_env\lib\site-packages\huggingface_hub\utils\_validators.py:189: UserWarning: The `resume_download` argument is deprecated and ignored in `snapshot_download`. Downloads always resume whenever possible.
  warnings.warn(
Embedder       : outputs/models/embedder_contrastive_hard_big
MD (GLiNER)    : urchade/gliner_small-v2.1  thresholds=[0.3]
Loading GLiNER urchade/gliner_small-v2.1 on cuda...
Fetching 4 files:   0%|          | 0/4 [00:00<?, ?it/s]Fetching 4 files: 100%|██████████| 4/4 [00:00<?, ?it/s]
<All keys matched successfully>
Datasets : ['crossner_ai', 'crossner_literature', 'crossner_music', 'crossner_politics', 'crossner_science', 'wnut17', 'mit_restaurant', 'mit_movie', 'fabner', 'bionlp2004', 'conll2003', 'gum', 'gentle']

=== crossner_ai ===
  100 train / 430 test sentences, 14 labels
  fit : 532 train spans, 14 classes
  [t=0.3] recall=0.743  linear_svm_balanced: AMI=0.4062  F1=0.4516

=== crossner_literature ===
  100 train / 416 test sentences, 12 labels
  fit : 541 train spans, 12 classes
  [t=0.3] recall=0.803  linear_svm_balanced: AMI=0.5005  F1=0.4808

=== crossner_music ===
  100 train / 465 test sentences, 13 labels
  fit : 648 train spans, 13 classes
  [t=0.3] recall=0.833  linear_svm_balanced: AMI=0.5507  F1=0.4934

=== crossner_politics ===
  200 train / 651 test sentences, 9 labels
  fit : 1304 train spans, 9 classes
  [t=0.3] recall=0.746  linear_svm_balanced: AMI=0.5068  F1=0.3884

=== crossner_science ===
  200 train / 543 test sentences, 17 labels
  fit : 1075 train spans, 17 classes
  [t=0.3] recall=0.790  linear_svm_balanced: AMI=0.5231  F1=0.5300

=== wnut17 ===
  1228 train / 689 test sentences, 6 labels
  fit : 1975 train spans, 6 classes
  [t=0.3] recall=0.725  linear_svm_balanced: AMI=0.2574  F1=0.2821

=== mit_restaurant ===
  2000 train / 1000 test sentences, 8 labels
  fit : 4525 train spans, 8 classes
  [t=0.3] recall=0.277  linear_svm_balanced: AMI=0.3130  F1=0.2079

=== mit_movie ===
  2000 train / 1000 test sentences, 12 labels
  fit : 10419 train spans, 12 classes
  [t=0.3] recall=0.129  linear_svm_balanced: AMI=0.3567  F1=0.1010

=== fabner ===
  2000 train / 1000 test sentences, 12 labels
  fit : 9670 train spans, 12 classes
  [t=0.3] recall=0.070  linear_svm_balanced: AMI=0.1254  F1=0.0508

=== bionlp2004 ===
  2000 train / 1000 test sentences, 5 labels
  fit : 6275 train spans, 5 classes
  [t=0.3] recall=0.634  linear_svm_balanced: AMI=0.3538  F1=0.3873

=== conll2003 ===
  2000 train / 1000 test sentences, 4 labels
  fit : 4495 train spans, 4 classes
  [t=0.3] recall=0.246  linear_svm_balanced: AMI=0.2812  F1=0.1760

=== gum ===
  2000 train / 1000 test sentences, 10 labels
  fit : 7371 train spans, 10 classes
  [t=0.3] recall=0.143  linear_svm_balanced: AMI=0.3508  F1=0.0929

=== gentle ===
  2000 train / 1000 test sentences, 10 labels
  fit : 7371 train spans, 10 classes
  [t=0.3] recall=0.132  linear_svm_balanced: AMI=0.3780  F1=0.0976

Rapport : outputs\results\opener_e2e\SUMMARY_opener_e2e_big_glinerS_2026-06-13_092504.md
  t=0.3   AMI moyen (linear_svm_balanced) = 0.3772
