C:\0-Code_py_temp\pytorch_cuda_env\lib\site-packages\huggingface_hub\utils\_validators.py:189: UserWarning: The `resume_download` argument is deprecated and ignored in `snapshot_download`. Downloads always resume whenever possible.
  warnings.warn(
Embedder       : outputs/models/embedder_contrastive_hard_big
MD (GLiNER)    : urchade/gliner_medium-v2.1  thresholds=[0.3]
Loading GLiNER urchade/gliner_medium-v2.1 on cuda...
Fetching 5 files:   0%|          | 0/5 [00:00<?, ?it/s]Fetching 5 files: 100%|██████████| 5/5 [00:00<?, ?it/s]
<All keys matched successfully>
Datasets : ['crossner_ai', 'crossner_literature', 'crossner_music', 'crossner_politics', 'crossner_science', 'wnut17', 'mit_restaurant', 'mit_movie', 'fabner', 'bionlp2004', 'conll2003', 'gum', 'gentle']

=== crossner_ai ===
  100 train / 430 test sentences, 14 labels
  fit : 532 train spans, 14 classes
  [t=0.3] recall=0.737  linear_svm_balanced: AMI=0.4034  F1=0.4471

=== crossner_literature ===
  100 train / 416 test sentences, 12 labels
  fit : 541 train spans, 12 classes
  [t=0.3] recall=0.799  linear_svm_balanced: AMI=0.5053  F1=0.4691

=== crossner_music ===
  100 train / 465 test sentences, 13 labels
  fit : 648 train spans, 13 classes
  [t=0.3] recall=0.858  linear_svm_balanced: AMI=0.5574  F1=0.5007

=== crossner_politics ===
  200 train / 651 test sentences, 9 labels
  fit : 1304 train spans, 9 classes
  [t=0.3] recall=0.772  linear_svm_balanced: AMI=0.5061  F1=0.4183

=== crossner_science ===
  200 train / 543 test sentences, 17 labels
  fit : 1075 train spans, 17 classes
  [t=0.3] recall=0.816  linear_svm_balanced: AMI=0.5355  F1=0.5287

=== wnut17 ===
  1228 train / 689 test sentences, 6 labels
  fit : 1975 train spans, 6 classes
  [t=0.3] recall=0.691  linear_svm_balanced: AMI=0.2564  F1=0.2729

=== mit_restaurant ===
  2000 train / 1000 test sentences, 8 labels
  fit : 4525 train spans, 8 classes
  [t=0.3] recall=0.356  linear_svm_balanced: AMI=0.3336  F1=0.2360

=== mit_movie ===
  2000 train / 1000 test sentences, 12 labels
  fit : 10419 train spans, 12 classes
  [t=0.3] recall=0.116  linear_svm_balanced: AMI=0.3646  F1=0.0870

=== fabner ===
  2000 train / 1000 test sentences, 12 labels
  fit : 9670 train spans, 12 classes
  [t=0.3] recall=0.071  linear_svm_balanced: AMI=0.1442  F1=0.0588

=== bionlp2004 ===
  2000 train / 1000 test sentences, 5 labels
  fit : 6275 train spans, 5 classes
  [t=0.3] recall=0.727  linear_svm_balanced: AMI=0.3558  F1=0.4007

=== conll2003 ===
  2000 train / 1000 test sentences, 4 labels
  fit : 4495 train spans, 4 classes
  [t=0.3] recall=0.119  linear_svm_balanced: AMI=0.2987  F1=0.0928

=== gum ===
  2000 train / 1000 test sentences, 10 labels
  fit : 7371 train spans, 10 classes
  [t=0.3] recall=0.172  linear_svm_balanced: AMI=0.3386  F1=0.1059

=== gentle ===
  2000 train / 1000 test sentences, 10 labels
  fit : 7371 train spans, 10 classes
  [t=0.3] recall=0.203  linear_svm_balanced: AMI=0.3464  F1=0.1147

Rapport : outputs\results\opener_e2e\SUMMARY_opener_e2e_big_glinerM_2026-06-13_094853.md
  t=0.3   AMI moyen (linear_svm_balanced) = 0.3805
