<All keys matched successfully>
Embedder outputs/models/embedder_contrastive_hard_big (dim native, prefix='classification: ')...
Datasets : ['crossner_ai', 'crossner_literature', 'crossner_music', 'crossner_politics', 'crossner_science', 'wnut17', 'mit_restaurant', 'mit_movie', 'fabner', 'bionlp2004', 'conll2003', 'gum', 'gentle']

=== crossner_ai ===
  embeddings : train (532, 768), test (1809, 768), 14 classes
    gmm_diag         AMI=0.5318  acc=0.6003
    gmm_full_pca50   AMI=0.5851  acc=0.6755
    knn_cosine       AMI=0.5299  acc=0.5782
    logreg           AMI=0.4590  acc=0.4350
    linear_svm       AMI=0.5618  acc=0.6274

=== crossner_literature ===
  embeddings : train (541, 768), test (2266, 768), 12 classes
    gmm_diag         AMI=0.6317  acc=0.6783
    gmm_full_pca50   AMI=0.6501  acc=0.7427
    knn_cosine       AMI=0.6379  acc=0.7290
    logreg           AMI=0.5947  acc=0.6589
    linear_svm       AMI=0.6676  acc=0.7511

=== crossner_music ===
  embeddings : train (648, 768), test (3336, 768), 13 classes
    gmm_diag         AMI=0.6990  acc=0.7992
    gmm_full_pca50   AMI=0.7016  acc=0.7944
    knn_cosine       AMI=0.6898  acc=0.7617
    logreg           AMI=0.6407  acc=0.6823
    linear_svm       AMI=0.7011  acc=0.7641

=== crossner_politics ===
  embeddings : train (1304, 768), test (4209, 768), 9 classes
    gmm_diag         AMI=0.6999  acc=0.7524
    gmm_full_pca50   AMI=0.7017  acc=0.7624
    knn_cosine       AMI=0.6994  acc=0.7503
    logreg           AMI=0.6582  acc=0.6852
    linear_svm       AMI=0.7200  acc=0.7795

=== crossner_science ===
  embeddings : train (1075, 768), test (3089, 768), 17 classes
    gmm_diag         AMI=0.6502  acc=0.7035
    gmm_full_pca50   AMI=0.6630  acc=0.7384
    knn_cosine       AMI=0.6684  acc=0.7504
    logreg           AMI=0.5638  acc=0.6138
    linear_svm       AMI=0.6776  acc=0.7559

=== wnut17 ===
  embeddings : train (1975, 768), test (1079, 768), 6 classes
    gmm_diag         AMI=0.3388  acc=0.6460
    gmm_full_pca50   AMI=0.3360  acc=0.6311
    knn_cosine       AMI=0.3741  acc=0.6608
    logreg           AMI=0.3720  acc=0.6627
    linear_svm       AMI=0.3935  acc=0.6951

=== mit_restaurant ===
  embeddings : train (4525, 768), test (2503, 768), 8 classes
    gmm_diag         AMI=0.5528  acc=0.7467
    gmm_full_pca50   AMI=0.6424  acc=0.8130
    knn_cosine       AMI=0.6322  acc=0.8062
    logreg           AMI=0.5815  acc=0.7531
    linear_svm       AMI=0.6306  acc=0.8034

=== mit_movie ===
  embeddings : train (10419, 768), test (5224, 768), 12 classes
    gmm_diag         AMI=0.5459  acc=0.6975
    gmm_full_pca50   AMI=0.6291  acc=0.8002
    knn_cosine       AMI=0.5737  acc=0.7150
    logreg           AMI=0.5795  acc=0.7391
    linear_svm       AMI=0.6598  acc=0.8105

=== fabner ===
  embeddings : train (9670, 768), test (4452, 768), 12 classes
    gmm_diag         AMI=0.4619  acc=0.6799
    gmm_full_pca50   AMI=0.5946  acc=0.7981
    knn_cosine       AMI=0.5729  acc=0.7734
    logreg           AMI=0.4624  acc=0.6887
    linear_svm       AMI=0.5777  acc=0.7830

=== bionlp2004 ===
  embeddings : train (6275, 768), test (2430, 768), 5 classes
    gmm_diag         AMI=0.6268  acc=0.8642
    gmm_full_pca50   AMI=0.6681  acc=0.8770
    knn_cosine       AMI=0.7076  acc=0.9025
    logreg           AMI=0.6792  acc=0.8877
    linear_svm       AMI=0.7084  acc=0.9025

=== conll2003 ===
  embeddings : train (4495, 768), test (2180, 768), 4 classes
    gmm_diag         AMI=0.7200  acc=0.9083
    gmm_full_pca50   AMI=0.7240  acc=0.9046
    knn_cosine       AMI=0.7094  acc=0.9005
    logreg           AMI=0.7082  acc=0.9023
    linear_svm       AMI=0.7168  acc=0.9073

=== gum ===
  embeddings : train (7371, 768), test (3631, 768), 10 classes
    gmm_diag         AMI=0.4225  acc=0.6643
    gmm_full_pca50   AMI=0.4645  acc=0.7067
    knn_cosine       AMI=0.4843  acc=0.7216
    logreg           AMI=0.4721  acc=0.7158
    linear_svm       AMI=0.4990  acc=0.7400

=== gentle ===
  embeddings : train (7371, 768), test (2711, 768), 10 classes
    gmm_diag         AMI=0.4127  acc=0.6606
    gmm_full_pca50   AMI=0.4470  acc=0.7178
    knn_cosine       AMI=0.4540  acc=0.7617
    logreg           AMI=0.4609  acc=0.7643
    linear_svm       AMI=0.5076  acc=0.7964

Synthèse écrite dans outputs\results\gmm_big\SUMMARY_classifier_sweep_2026-06-13_102341.md
Moyennes AMI : {'gmm_diag': 0.5611, 'gmm_full_pca50': 0.6006, 'knn_cosine': 0.5949, 'logreg': 0.5563, 'linear_svm': 0.617}
