<All keys matched successfully>
Embedder : outputs/models/embedder_contrastive_hard_big
Datasets : ['conll2003', 'crossner_music', 'fabner']

=== conll2003 ===
  embeddings : train (4495, 768), test (2180, 768)
    logreg                   AMI=0.7082  acc=0.9023  macro_f1=0.8832
    logreg_balanced          AMI=0.7052  acc=0.8991  macro_f1=0.8799
    linear_svm               AMI=0.7168  acc=0.9073  macro_f1=0.8901
    linear_svm_balanced      AMI=0.7154  acc=0.9060  macro_f1=0.8890
  energy  : {'kwh': 0.001381, 'gco2eq': 0.0774, 'seconds': 77.06, 'country': 'FRA', 'method': 'codecarbon'}
  timing  : p50=23.1ms  p95=39.4ms  throughput=39.9 batch/s

=== crossner_music ===
  embeddings : train (648, 768), test (3336, 768)
    logreg                   AMI=0.6407  acc=0.6823  macro_f1=0.4319
    logreg_balanced          AMI=0.7000  acc=0.7824  macro_f1=0.7231
    linear_svm               AMI=0.7011  acc=0.7641  macro_f1=0.5846
    linear_svm_balanced      AMI=0.7182  acc=0.8106  macro_f1=0.7018
  energy  : {'kwh': 0.000693, 'gco2eq': 0.0388, 'seconds': 38.46, 'country': 'FRA', 'method': 'codecarbon'}
  timing  : p50=56.1ms  p95=150.6ms  throughput=15.2 batch/s

=== fabner ===
  embeddings : train (9670, 768), test (4452, 768)
    logreg                   AMI=0.4624  acc=0.6887  macro_f1=0.4625
    logreg_balanced          AMI=0.5167  acc=0.7397  macro_f1=0.5996
    linear_svm               AMI=0.5777  acc=0.7830  macro_f1=0.6331
    linear_svm_balanced      AMI=0.5925  acc=0.8010  macro_f1=0.6608
  energy  : {'kwh': 0.002248, 'gco2eq': 0.126, 'seconds': 134.48, 'country': 'FRA', 'method': 'codecarbon'}
  timing  : p50=30.9ms  p95=78.4ms  throughput=25.5 batch/s

Rapport : outputs\results\seed_runs\_validate_sup_gold\SUMMARY_balanced_classifiers_2026-06-30_113649.md
Moyennes AMI : [('logreg', 0.6038), ('logreg_balanced', 0.6406), ('linear_svm', 0.6652), ('linear_svm_balanced', 0.6754)]
